SF:lib/utils/timer_ticker.dart
DA:2,1
DA:4,1
DA:8,1
DA:9,5
LF:4
LH:4
end_of_record
SF:lib/bloc/timer_state.dart
DA:13,2
DA:18,1
DA:19,3
DA:21,1
DA:22,1
DA:28,1
DA:29,1
DA:35,1
DA:39,1
LF:9
LH:9
end_of_record
SF:lib/bloc/timer_event.dart
DA:4,3
DA:11,1
DA:18,1
DA:24,2
DA:32,2
LF:5
LH:5
end_of_record
SF:lib/bloc/timer_bloc.dart
DA:18,1
DA:21,1
DA:22,2
DA:23,2
DA:24,2
DA:25,2
DA:28,1
DA:30,1
DA:31,1
DA:34,1
DA:38,2
DA:39,2
DA:40,1
DA:42,4
DA:43,1
DA:46,1
DA:47,1
DA:48,1
DA:49,5
DA:50,2
DA:51,2
DA:54,1
DA:55,5
DA:56,2
DA:57,2
DA:61,1
DA:65,2
DA:66,4
DA:68,1
DA:72,1
DA:76,1
DA:77,3
DA:80,1
DA:84,2
DA:87,1
DA:88,2
DA:89,2
LF:37
LH:37
end_of_record
